2025-06-13 20:17:39 INFO  - HV000001: Hibernate Validator 8.0.2.Final
2025-06-13 20:17:39 INFO  - Starting SchoolAppApplication using Java 17.0.13 with PID 9200 (C:\Users\niqos\IdeaProjects\spring-rest\build\classes\java\main started by niqos in C:\Users\niqos\IdeaProjects\spring-rest)
2025-06-13 20:17:39 INFO  - The following 1 profile is active: "test"
2025-06-13 20:17:39 INFO  - Bootstrapping Spring Data JPA repositories in DEFAULT mode.
2025-06-13 20:17:39 INFO  - Finished Spring Data repository scanning in 45 ms. Found 5 JPA repository interfaces.
2025-06-13 20:17:40 INFO  - Tomcat initialized with port 8080 (http)
2025-06-13 20:17:40 INFO  - Root WebApplicationContext: initialization completed in 1260 ms
2025-06-13 20:17:40 INFO  - HHH000412: Hibernate ORM core version 6.6.15.Final
2025-06-13 20:17:40 INFO  - HHH000026: Second-level cache disabled
2025-06-13 20:17:40 INFO  - No LoadTimeWeaver setup: ignoring JPA class transformer
2025-06-13 20:17:41 INFO  - HHH10001005: Database info:
	Database JDBC URL [Connecting through datasource 'HikariDataSource (HikariPool-1)']
	Database driver: undefined/unknown
	Database version: 8.0.41
	Autocommit mode: undefined/unknown
	Isolation level: undefined/unknown
	Minimum pool size: undefined/unknown
	Maximum pool size: undefined/unknown
2025-06-13 20:17:42 INFO  - HHH000489: No JTA platform available (set 'hibernate.transaction.jta.platform' to enable JTA platform integration)
2025-06-13 20:17:42 INFO  - Initialized JPA EntityManagerFactory for persistence unit 'default'
2025-06-13 20:17:43 ERROR - Error starting Tomcat context. Exception: org.springframework.beans.factory.UnsatisfiedDependencyException. Message: Error creating bean with name 'jwtAuthenticationFilter' defined in file [C:\Users\niqos\IdeaProjects\spring-rest\build\classes\java\main\gr\aueb\cf\schoolapp\authentication\JwtAuthenticationFilter.class]: Unsatisfied dependency expressed through constructor parameter 1: Error creating bean with name 'customUserDetailsService' defined in file [C:\Users\niqos\IdeaProjects\spring-rest\build\classes\java\main\gr\aueb\cf\schoolapp\authentication\CustomUserDetailsService.class]: Unsatisfied dependency expressed through constructor parameter 0: Error creating bean with name 'userRepository' defined in gr.aueb.cf.schoolapp.repository.UserRepository defined in @EnableJpaRepositories declared on JpaRepositoriesRegistrar.EnableJpaRepositoriesConfiguration: Could not create query for public abstract java.util.Optional gr.aueb.cf.schoolapp.repository.UserRepository.findByVat(java.lang.String); Reason: Failed to create query for method public abstract java.util.Optional gr.aueb.cf.schoolapp.repository.UserRepository.findByVat(java.lang.String); No property 'vat' found for type 'User'
2025-06-13 20:17:43 WARN  - Exception encountered during context initialization - cancelling refresh attempt: org.springframework.context.ApplicationContextException: Unable to start web server
2025-06-13 20:17:43 INFO  - Closing JPA EntityManagerFactory for persistence unit 'default'
2025-06-13 20:17:43 ERROR - Application run failed
org.springframework.context.ApplicationContextException: Unable to start web server
	at org.springframework.boot.web.servlet.context.ServletWebServerApplicationContext.onRefresh(ServletWebServerApplicationContext.java:170)
	at org.springframework.context.support.AbstractApplicationContext.refresh(AbstractApplicationContext.java:621)
	at org.springframework.boot.web.servlet.context.ServletWebServerApplicationContext.refresh(ServletWebServerApplicationContext.java:146)
	at org.springframework.boot.SpringApplication.refresh(SpringApplication.java:753)
	at org.springframework.boot.SpringApplication.refreshContext(SpringApplication.java:439)
	at org.springframework.boot.SpringApplication.run(SpringApplication.java:318)
	at org.springframework.boot.SpringApplication.run(SpringApplication.java:1362)
	at org.springframework.boot.SpringApplication.run(SpringApplication.java:1351)
	at gr.aueb.cf.schoolapp.SchoolAppApplication.main(SchoolAppApplication.java:12)
Caused by: org.springframework.boot.web.server.WebServerException: Unable to start embedded Tomcat
	at org.springframework.boot.web.embedded.tomcat.TomcatWebServer.initialize(TomcatWebServer.java:147)
	at org.springframework.boot.web.embedded.tomcat.TomcatWebServer.<init>(TomcatWebServer.java:107)
	at org.springframework.boot.web.embedded.tomcat.TomcatServletWebServerFactory.getTomcatWebServer(TomcatServletWebServerFactory.java:517)
	at org.springframework.boot.web.embedded.tomcat.TomcatServletWebServerFactory.getWebServer(TomcatServletWebServerFactory.java:219)
	at org.springframework.boot.web.servlet.context.ServletWebServerApplicationContext.createWebServer(ServletWebServerApplicationContext.java:193)
	at org.springframework.boot.web.servlet.context.ServletWebServerApplicationContext.onRefresh(ServletWebServerApplicationContext.java:167)
	... 8 common frames omitted
Caused by: org.springframework.beans.factory.UnsatisfiedDependencyException: Error creating bean with name 'jwtAuthenticationFilter' defined in file [C:\Users\niqos\IdeaProjects\spring-rest\build\classes\java\main\gr\aueb\cf\schoolapp\authentication\JwtAuthenticationFilter.class]: Unsatisfied dependency expressed through constructor parameter 1: Error creating bean with name 'customUserDetailsService' defined in file [C:\Users\niqos\IdeaProjects\spring-rest\build\classes\java\main\gr\aueb\cf\schoolapp\authentication\CustomUserDetailsService.class]: Unsatisfied dependency expressed through constructor parameter 0: Error creating bean with name 'userRepository' defined in gr.aueb.cf.schoolapp.repository.UserRepository defined in @EnableJpaRepositories declared on JpaRepositoriesRegistrar.EnableJpaRepositoriesConfiguration: Could not create query for public abstract java.util.Optional gr.aueb.cf.schoolapp.repository.UserRepository.findByVat(java.lang.String); Reason: Failed to create query for method public abstract java.util.Optional gr.aueb.cf.schoolapp.repository.UserRepository.findByVat(java.lang.String); No property 'vat' found for type 'User'
	at org.springframework.beans.factory.support.ConstructorResolver.createArgumentArray(ConstructorResolver.java:804)
	at org.springframework.beans.factory.support.ConstructorResolver.autowireConstructor(ConstructorResolver.java:240)
	at org.springframework.beans.factory.support.AbstractAutowireCapableBeanFactory.autowireConstructor(AbstractAutowireCapableBeanFactory.java:1395)
	at org.springframework.beans.factory.support.AbstractAutowireCapableBeanFactory.createBeanInstance(AbstractAutowireCapableBeanFactory.java:1232)
	at org.springframework.beans.factory.support.AbstractAutowireCapableBeanFactory.doCreateBean(AbstractAutowireCapableBeanFactory.java:569)
	at org.springframework.beans.factory.support.AbstractAutowireCapableBeanFactory.createBean(AbstractAutowireCapableBeanFactory.java:529)
	at org.springframework.beans.factory.support.AbstractBeanFactory.lambda$doGetBean$0(AbstractBeanFactory.java:339)
	at org.springframework.beans.factory.support.DefaultSingletonBeanRegistry.getSingleton(DefaultSingletonBeanRegistry.java:373)
	at org.springframework.beans.factory.support.AbstractBeanFactory.doGetBean(AbstractBeanFactory.java:337)
	at org.springframework.beans.factory.support.AbstractBeanFactory.getBean(AbstractBeanFactory.java:207)
	at org.springframework.boot.web.servlet.ServletContextInitializerBeans.getOrderedBeansOfType(ServletContextInitializerBeans.java:211)
	at org.springframework.boot.web.servlet.ServletContextInitializerBeans.addAsRegistrationBean(ServletContextInitializerBeans.java:174)
	at org.springframework.boot.web.servlet.ServletContextInitializerBeans.addAsRegistrationBean(ServletContextInitializerBeans.java:169)
	at org.springframework.boot.web.servlet.ServletContextInitializerBeans.addAdaptableBeans(ServletContextInitializerBeans.java:154)
	at org.springframework.boot.web.servlet.ServletContextInitializerBeans.<init>(ServletContextInitializerBeans.java:87)
	at org.springframework.boot.web.servlet.context.ServletWebServerApplicationContext.getServletContextInitializerBeans(ServletWebServerApplicationContext.java:271)
	at org.springframework.boot.web.servlet.context.ServletWebServerApplicationContext.selfInitialize(ServletWebServerApplicationContext.java:245)
	at org.springframework.boot.web.embedded.tomcat.TomcatStarter.onStartup(TomcatStarter.java:52)
	at org.apache.catalina.core.StandardContext.startInternal(StandardContext.java:4464)
	at org.apache.catalina.util.LifecycleBase.start(LifecycleBase.java:164)
	at org.apache.catalina.core.ContainerBase$StartChild.call(ContainerBase.java:1203)
	at org.apache.catalina.core.ContainerBase$StartChild.call(ContainerBase.java:1193)
	at java.base/java.util.concurrent.FutureTask.run(FutureTask.java:264)
	at org.apache.tomcat.util.threads.InlineExecutorService.execute(InlineExecutorService.java:75)
	at java.base/java.util.concurrent.AbstractExecutorService.submit(AbstractExecutorService.java:145)
	at org.apache.catalina.core.ContainerBase.startInternal(ContainerBase.java:749)
	at org.apache.catalina.core.StandardHost.startInternal(StandardHost.java:772)
	at org.apache.catalina.util.LifecycleBase.start(LifecycleBase.java:164)
	at org.apache.catalina.core.ContainerBase$StartChild.call(ContainerBase.java:1203)
	at org.apache.catalina.core.ContainerBase$StartChild.call(ContainerBase.java:1193)
	at java.base/java.util.concurrent.FutureTask.run(FutureTask.java:264)
	at org.apache.tomcat.util.threads.InlineExecutorService.execute(InlineExecutorService.java:75)
	at java.base/java.util.concurrent.AbstractExecutorService.submit(AbstractExecutorService.java:145)
	at org.apache.catalina.core.ContainerBase.startInternal(ContainerBase.java:749)
	at org.apache.catalina.core.StandardEngine.startInternal(StandardEngine.java:203)
	at org.apache.catalina.util.LifecycleBase.start(LifecycleBase.java:164)
	at org.apache.catalina.core.StandardService.startInternal(StandardService.java:412)
	at org.apache.catalina.util.LifecycleBase.start(LifecycleBase.java:164)
	at org.apache.catalina.core.StandardServer.startInternal(StandardServer.java:870)
	at org.apache.catalina.util.LifecycleBase.start(LifecycleBase.java:164)
	at org.apache.catalina.startup.Tomcat.start(Tomcat.java:438)
	at org.springframework.boot.web.embedded.tomcat.TomcatWebServer.initialize(TomcatWebServer.java:128)
	... 13 common frames omitted
Caused by: org.springframework.beans.factory.UnsatisfiedDependencyException: Error creating bean with name 'customUserDetailsService' defined in file [C:\Users\niqos\IdeaProjects\spring-rest\build\classes\java\main\gr\aueb\cf\schoolapp\authentication\CustomUserDetailsService.class]: Unsatisfied dependency expressed through constructor parameter 0: Error creating bean with name 'userRepository' defined in gr.aueb.cf.schoolapp.repository.UserRepository defined in @EnableJpaRepositories declared on JpaRepositoriesRegistrar.EnableJpaRepositoriesConfiguration: Could not create query for public abstract java.util.Optional gr.aueb.cf.schoolapp.repository.UserRepository.findByVat(java.lang.String); Reason: Failed to create query for method public abstract java.util.Optional gr.aueb.cf.schoolapp.repository.UserRepository.findByVat(java.lang.String); No property 'vat' found for type 'User'
	at org.springframework.beans.factory.support.ConstructorResolver.createArgumentArray(ConstructorResolver.java:804)
	at org.springframework.beans.factory.support.ConstructorResolver.autowireConstructor(ConstructorResolver.java:240)
	at org.springframework.beans.factory.support.AbstractAutowireCapableBeanFactory.autowireConstructor(AbstractAutowireCapableBeanFactory.java:1395)
	at org.springframework.beans.factory.support.AbstractAutowireCapableBeanFactory.createBeanInstance(AbstractAutowireCapableBeanFactory.java:1232)
	at org.springframework.beans.factory.support.AbstractAutowireCapableBeanFactory.doCreateBean(AbstractAutowireCapableBeanFactory.java:569)
	at org.springframework.beans.factory.support.AbstractAutowireCapableBeanFactory.createBean(AbstractAutowireCapableBeanFactory.java:529)
	at org.springframework.beans.factory.support.AbstractBeanFactory.lambda$doGetBean$0(AbstractBeanFactory.java:339)
	at org.springframework.beans.factory.support.DefaultSingletonBeanRegistry.getSingleton(DefaultSingletonBeanRegistry.java:373)
	at org.springframework.beans.factory.support.AbstractBeanFactory.doGetBean(AbstractBeanFactory.java:337)
	at org.springframework.beans.factory.support.AbstractBeanFactory.getBean(AbstractBeanFactory.java:202)
	at org.springframework.beans.factory.config.DependencyDescriptor.resolveCandidate(DependencyDescriptor.java:254)
	at org.springframework.beans.factory.support.DefaultListableBeanFactory.doResolveDependency(DefaultListableBeanFactory.java:1740)
	at org.springframework.beans.factory.support.DefaultListableBeanFactory.resolveDependency(DefaultListableBeanFactory.java:1628)
	at org.springframework.beans.factory.support.ConstructorResolver.resolveAutowiredArgument(ConstructorResolver.java:913)
	at org.springframework.beans.factory.support.ConstructorResolver.createArgumentArray(ConstructorResolver.java:791)
	... 54 common frames omitted
Caused by: org.springframework.beans.factory.BeanCreationException: Error creating bean with name 'userRepository' defined in gr.aueb.cf.schoolapp.repository.UserRepository defined in @EnableJpaRepositories declared on JpaRepositoriesRegistrar.EnableJpaRepositoriesConfiguration: Could not create query for public abstract java.util.Optional gr.aueb.cf.schoolapp.repository.UserRepository.findByVat(java.lang.String); Reason: Failed to create query for method public abstract java.util.Optional gr.aueb.cf.schoolapp.repository.UserRepository.findByVat(java.lang.String); No property 'vat' found for type 'User'
	at org.springframework.beans.factory.support.AbstractAutowireCapableBeanFactory.initializeBean(AbstractAutowireCapableBeanFactory.java:1826)
	at org.springframework.beans.factory.support.AbstractAutowireCapableBeanFactory.doCreateBean(AbstractAutowireCapableBeanFactory.java:607)
	at org.springframework.beans.factory.support.AbstractAutowireCapableBeanFactory.createBean(AbstractAutowireCapableBeanFactory.java:529)
	at org.springframework.beans.factory.support.AbstractBeanFactory.lambda$doGetBean$0(AbstractBeanFactory.java:339)
	at org.springframework.beans.factory.support.DefaultSingletonBeanRegistry.getSingleton(DefaultSingletonBeanRegistry.java:373)
	at org.springframework.beans.factory.support.AbstractBeanFactory.doGetBean(AbstractBeanFactory.java:337)
	at org.springframework.beans.factory.support.AbstractBeanFactory.getBean(AbstractBeanFactory.java:202)
	at org.springframework.beans.factory.support.DefaultListableBeanFactory.doResolveDependency(DefaultListableBeanFactory.java:1682)
	at org.springframework.beans.factory.support.DefaultListableBeanFactory.resolveDependency(DefaultListableBeanFactory.java:1628)
	at org.springframework.beans.factory.support.ConstructorResolver.resolveAutowiredArgument(ConstructorResolver.java:913)
	at org.springframework.beans.factory.support.ConstructorResolver.createArgumentArray(ConstructorResolver.java:791)
	... 68 common frames omitted
Caused by: org.springframework.data.repository.query.QueryCreationException: Could not create query for public abstract java.util.Optional gr.aueb.cf.schoolapp.repository.UserRepository.findByVat(java.lang.String); Reason: Failed to create query for method public abstract java.util.Optional gr.aueb.cf.schoolapp.repository.UserRepository.findByVat(java.lang.String); No property 'vat' found for type 'User'
	at org.springframework.data.repository.query.QueryCreationException.create(QueryCreationException.java:101)
	at org.springframework.data.repository.core.support.QueryExecutorMethodInterceptor.lookupQuery(QueryExecutorMethodInterceptor.java:120)
	at org.springframework.data.repository.core.support.QueryExecutorMethodInterceptor.mapMethodsToQuery(QueryExecutorMethodInterceptor.java:104)
	at org.springframework.data.repository.core.support.QueryExecutorMethodInterceptor.lambda$new$0(QueryExecutorMethodInterceptor.java:92)
	at java.base/java.util.Optional.map(Optional.java:260)
	at org.springframework.data.repository.core.support.QueryExecutorMethodInterceptor.<init>(QueryExecutorMethodInterceptor.java:92)
	at org.springframework.data.repository.core.support.RepositoryFactorySupport.getRepository(RepositoryFactorySupport.java:431)
	at org.springframework.data.repository.core.support.RepositoryFactoryBeanSupport.lambda$afterPropertiesSet$4(RepositoryFactoryBeanSupport.java:350)
	at org.springframework.data.util.Lazy.getNullable(Lazy.java:135)
	at org.springframework.data.util.Lazy.get(Lazy.java:113)
	at org.springframework.data.repository.core.support.RepositoryFactoryBeanSupport.afterPropertiesSet(RepositoryFactoryBeanSupport.java:356)
	at org.springframework.data.jpa.repository.support.JpaRepositoryFactoryBean.afterPropertiesSet(JpaRepositoryFactoryBean.java:132)
	at org.springframework.beans.factory.support.AbstractAutowireCapableBeanFactory.invokeInitMethods(AbstractAutowireCapableBeanFactory.java:1873)
	at org.springframework.beans.factory.support.AbstractAutowireCapableBeanFactory.initializeBean(AbstractAutowireCapableBeanFactory.java:1822)
	... 78 common frames omitted
Caused by: java.lang.IllegalArgumentException: Failed to create query for method public abstract java.util.Optional gr.aueb.cf.schoolapp.repository.UserRepository.findByVat(java.lang.String); No property 'vat' found for type 'User'
	at org.springframework.data.jpa.repository.query.PartTreeJpaQuery.<init>(PartTreeJpaQuery.java:107)
	at org.springframework.data.jpa.repository.query.JpaQueryLookupStrategy$CreateQueryLookupStrategy.resolveQuery(JpaQueryLookupStrategy.java:128)
	at org.springframework.data.jpa.repository.query.JpaQueryLookupStrategy$CreateIfNotFoundQueryLookupStrategy.resolveQuery(JpaQueryLookupStrategy.java:260)
	at org.springframework.data.jpa.repository.query.JpaQueryLookupStrategy$AbstractQueryLookupStrategy.resolveQuery(JpaQueryLookupStrategy.java:99)
	at org.springframework.data.repository.core.support.QueryExecutorMethodInterceptor.lookupQuery(QueryExecutorMethodInterceptor.java:116)
	... 90 common frames omitted
Caused by: org.springframework.data.mapping.PropertyReferenceException: No property 'vat' found for type 'User'
	at org.springframework.data.mapping.PropertyPath.<init>(PropertyPath.java:94)
	at org.springframework.data.mapping.PropertyPath.create(PropertyPath.java:455)
	at org.springframework.data.mapping.PropertyPath.create(PropertyPath.java:431)
	at org.springframework.data.mapping.PropertyPath.lambda$from$0(PropertyPath.java:384)
	at java.base/java.util.concurrent.ConcurrentMap.computeIfAbsent(ConcurrentMap.java:330)
	at org.springframework.data.mapping.PropertyPath.from(PropertyPath.java:366)
	at org.springframework.data.mapping.PropertyPath.from(PropertyPath.java:344)
	at org.springframework.data.repository.query.parser.Part.<init>(Part.java:81)
	at org.springframework.data.repository.query.parser.PartTree$OrPart.lambda$new$0(PartTree.java:259)
	at java.base/java.util.stream.ReferencePipeline$3$1.accept(ReferencePipeline.java:197)
	at java.base/java.util.stream.ReferencePipeline$2$1.accept(ReferencePipeline.java:179)
	at java.base/java.util.Spliterators$ArraySpliterator.forEachRemaining(Spliterators.java:992)
	at java.base/java.util.stream.AbstractPipeline.copyInto(AbstractPipeline.java:509)
	at java.base/java.util.stream.AbstractPipeline.wrapAndCopyInto(AbstractPipeline.java:499)
	at java.base/java.util.stream.ReduceOps$ReduceOp.evaluateSequential(ReduceOps.java:921)
	at java.base/java.util.stream.AbstractPipeline.evaluate(AbstractPipeline.java:234)
	at java.base/java.util.stream.ReferencePipeline.collect(ReferencePipeline.java:682)
	at org.springframework.data.repository.query.parser.PartTree$OrPart.<init>(PartTree.java:260)
	at org.springframework.data.repository.query.parser.PartTree$Predicate.lambda$new$0(PartTree.java:389)
	at java.base/java.util.stream.ReferencePipeline$3$1.accept(ReferencePipeline.java:197)
	at java.base/java.util.stream.ReferencePipeline$2$1.accept(ReferencePipeline.java:179)
	at java.base/java.util.Spliterators$ArraySpliterator.forEachRemaining(Spliterators.java:992)
	at java.base/java.util.stream.AbstractPipeline.copyInto(AbstractPipeline.java:509)
	at java.base/java.util.stream.AbstractPipeline.wrapAndCopyInto(AbstractPipeline.java:499)
	at java.base/java.util.stream.ReduceOps$ReduceOp.evaluateSequential(ReduceOps.java:921)
	at java.base/java.util.stream.AbstractPipeline.evaluate(AbstractPipeline.java:234)
	at java.base/java.util.stream.ReferencePipeline.collect(ReferencePipeline.java:682)
	at org.springframework.data.repository.query.parser.PartTree$Predicate.<init>(PartTree.java:390)
	at org.springframework.data.repository.query.parser.PartTree.<init>(PartTree.java:103)
	at org.springframework.data.jpa.repository.query.PartTreeJpaQuery.<init>(PartTreeJpaQuery.java:101)
	... 94 common frames omitted
2025-06-13 20:22:07 INFO  - HV000001: Hibernate Validator 8.0.2.Final
2025-06-13 20:22:07 INFO  - Starting SchoolAppApplication using Java 17.0.13 with PID 22260 (C:\Users\niqos\IdeaProjects\spring-rest\build\classes\java\main started by niqos in C:\Users\niqos\IdeaProjects\spring-rest)
2025-06-13 20:22:07 INFO  - The following 1 profile is active: "test"
2025-06-13 20:22:08 INFO  - Bootstrapping Spring Data JPA repositories in DEFAULT mode.
2025-06-13 20:22:08 INFO  - Finished Spring Data repository scanning in 44 ms. Found 5 JPA repository interfaces.
2025-06-13 20:22:08 INFO  - Tomcat initialized with port 8080 (http)
2025-06-13 20:22:08 INFO  - Root WebApplicationContext: initialization completed in 1257 ms
2025-06-13 20:22:09 INFO  - HHH000412: Hibernate ORM core version 6.6.15.Final
2025-06-13 20:22:09 INFO  - HHH000026: Second-level cache disabled
2025-06-13 20:22:09 INFO  - No LoadTimeWeaver setup: ignoring JPA class transformer
2025-06-13 20:22:09 INFO  - HHH10001005: Database info:
	Database JDBC URL [Connecting through datasource 'HikariDataSource (HikariPool-1)']
	Database driver: undefined/unknown
	Database version: 8.0.41
	Autocommit mode: undefined/unknown
	Isolation level: undefined/unknown
	Minimum pool size: undefined/unknown
	Maximum pool size: undefined/unknown
2025-06-13 20:22:10 INFO  - HHH000489: No JTA platform available (set 'hibernate.transaction.jta.platform' to enable JTA platform integration)
2025-06-13 20:22:10 INFO  - Initialized JPA EntityManagerFactory for persistence unit 'default'
2025-06-13 20:22:11 INFO  - Global AuthenticationManager configured with UserDetailsService bean with name customUserDetailsService
2025-06-13 20:22:11 WARN  - spring.jpa.open-in-view is enabled by default. Therefore, database queries may be performed during view rendering. Explicitly configure spring.jpa.open-in-view to disable this warning
2025-06-13 20:22:11 INFO  - Tomcat started on port 8080 (http) with context path '/'
2025-06-13 20:22:11 INFO  - Started SchoolAppApplication in 4.345 seconds (process running for 4.641)
2025-06-13 20:22:45 INFO  - Initializing Servlet 'dispatcherServlet'
2025-06-13 20:22:45 INFO  - Completed initialization in 1 ms
2025-06-13 20:26:10 INFO  - HV000001: Hibernate Validator 8.0.2.Final
2025-06-13 20:26:10 INFO  - Starting SchoolAppApplication using Java 17.0.13 with PID 19924 (C:\Users\niqos\IdeaProjects\spring-rest\build\classes\java\main started by niqos in C:\Users\niqos\IdeaProjects\spring-rest)
2025-06-13 20:26:10 INFO  - The following 1 profile is active: "test"
2025-06-13 20:26:11 INFO  - Bootstrapping Spring Data JPA repositories in DEFAULT mode.
2025-06-13 20:26:11 INFO  - Finished Spring Data repository scanning in 50 ms. Found 5 JPA repository interfaces.
2025-06-13 20:26:11 INFO  - Tomcat initialized with port 8080 (http)
2025-06-13 20:26:11 INFO  - Root WebApplicationContext: initialization completed in 1444 ms
2025-06-13 20:26:12 INFO  - HHH000412: Hibernate ORM core version 6.6.15.Final
2025-06-13 20:26:12 INFO  - HHH000026: Second-level cache disabled
2025-06-13 20:26:12 INFO  - No LoadTimeWeaver setup: ignoring JPA class transformer
2025-06-13 20:26:12 INFO  - HHH10001005: Database info:
	Database JDBC URL [Connecting through datasource 'HikariDataSource (HikariPool-1)']
	Database driver: undefined/unknown
	Database version: 8.0.41
	Autocommit mode: undefined/unknown
	Isolation level: undefined/unknown
	Minimum pool size: undefined/unknown
	Maximum pool size: undefined/unknown
2025-06-13 20:26:13 INFO  - HHH000489: No JTA platform available (set 'hibernate.transaction.jta.platform' to enable JTA platform integration)
2025-06-13 20:26:13 INFO  - Initialized JPA EntityManagerFactory for persistence unit 'default'
2025-06-13 20:26:14 INFO  - Global AuthenticationManager configured with UserDetailsService bean with name customUserDetailsService
2025-06-13 20:26:14 WARN  - spring.jpa.open-in-view is enabled by default. Therefore, database queries may be performed during view rendering. Explicitly configure spring.jpa.open-in-view to disable this warning
2025-06-13 20:26:14 INFO  - Tomcat started on port 8080 (http) with context path '/'
2025-06-13 20:26:14 INFO  - Started SchoolAppApplication in 4.699 seconds (process running for 4.96)
2025-06-13 20:26:21 INFO  - Initializing Servlet 'dispatcherServlet'
2025-06-13 20:26:21 INFO  - Completed initialization in 1 ms
2025-06-13 20:37:34 WARN  - Request method 'GET' is not supported
2025-06-13 21:07:05 INFO  - HV000001: Hibernate Validator 8.0.2.Final
2025-06-13 21:07:05 INFO  - Starting SchoolAppApplication using Java 17.0.13 with PID 10456 (C:\Users\niqos\IdeaProjects\spring-rest\build\classes\java\main started by niqos in C:\Users\niqos\IdeaProjects\spring-rest)
2025-06-13 21:07:05 INFO  - The following 1 profile is active: "test"
2025-06-13 21:07:06 INFO  - Bootstrapping Spring Data JPA repositories in DEFAULT mode.
2025-06-13 21:07:06 INFO  - Finished Spring Data repository scanning in 44 ms. Found 5 JPA repository interfaces.
2025-06-13 21:07:06 INFO  - Tomcat initialized with port 8080 (http)
2025-06-13 21:07:06 INFO  - Root WebApplicationContext: initialization completed in 1230 ms
2025-06-13 21:07:06 INFO  - HHH000412: Hibernate ORM core version 6.6.15.Final
2025-06-13 21:07:06 INFO  - HHH000026: Second-level cache disabled
2025-06-13 21:07:07 INFO  - No LoadTimeWeaver setup: ignoring JPA class transformer
2025-06-13 21:07:07 INFO  - HHH10001005: Database info:
	Database JDBC URL [Connecting through datasource 'HikariDataSource (HikariPool-1)']
	Database driver: undefined/unknown
	Database version: 8.0.41
	Autocommit mode: undefined/unknown
	Isolation level: undefined/unknown
	Minimum pool size: undefined/unknown
	Maximum pool size: undefined/unknown
2025-06-13 21:07:08 INFO  - HHH000489: No JTA platform available (set 'hibernate.transaction.jta.platform' to enable JTA platform integration)
2025-06-13 21:07:08 INFO  - Initialized JPA EntityManagerFactory for persistence unit 'default'
2025-06-13 21:07:08 INFO  - Global AuthenticationManager configured with UserDetailsService bean with name customUserDetailsService
2025-06-13 21:07:08 WARN  - spring.jpa.open-in-view is enabled by default. Therefore, database queries may be performed during view rendering. Explicitly configure spring.jpa.open-in-view to disable this warning
2025-06-13 21:07:09 INFO  - Tomcat started on port 8080 (http) with context path '/'
2025-06-13 21:07:09 INFO  - Started SchoolAppApplication in 4.154 seconds (process running for 4.412)
2025-06-13 21:07:21 INFO  - Initializing Servlet 'dispatcherServlet'
2025-06-13 21:07:21 INFO  - Completed initialization in 1 ms
2025-06-13 21:09:25 INFO  - HV000001: Hibernate Validator 8.0.2.Final
2025-06-13 21:09:25 INFO  - Starting SchoolAppApplication using Java 17.0.13 with PID 6676 (C:\Users\niqos\IdeaProjects\spring-rest\build\classes\java\main started by niqos in C:\Users\niqos\IdeaProjects\spring-rest)
2025-06-13 21:09:25 INFO  - The following 1 profile is active: "test"
2025-06-13 21:09:25 INFO  - Bootstrapping Spring Data JPA repositories in DEFAULT mode.
2025-06-13 21:09:25 INFO  - Finished Spring Data repository scanning in 43 ms. Found 5 JPA repository interfaces.
2025-06-13 21:09:26 INFO  - Tomcat initialized with port 8080 (http)
2025-06-13 21:09:26 INFO  - Root WebApplicationContext: initialization completed in 1204 ms
2025-06-13 21:09:26 INFO  - HHH000412: Hibernate ORM core version 6.6.15.Final
2025-06-13 21:09:26 INFO  - HHH000026: Second-level cache disabled
2025-06-13 21:09:26 INFO  - No LoadTimeWeaver setup: ignoring JPA class transformer
2025-06-13 21:09:27 INFO  - HHH10001005: Database info:
	Database JDBC URL [Connecting through datasource 'HikariDataSource (HikariPool-1)']
	Database driver: undefined/unknown
	Database version: 8.0.41
	Autocommit mode: undefined/unknown
	Isolation level: undefined/unknown
	Minimum pool size: undefined/unknown
	Maximum pool size: undefined/unknown
2025-06-13 21:09:27 INFO  - HHH000489: No JTA platform available (set 'hibernate.transaction.jta.platform' to enable JTA platform integration)
2025-06-13 21:09:28 INFO  - Initialized JPA EntityManagerFactory for persistence unit 'default'
2025-06-13 21:09:28 INFO  - Global AuthenticationManager configured with UserDetailsService bean with name customUserDetailsService
2025-06-13 21:09:28 WARN  - spring.jpa.open-in-view is enabled by default. Therefore, database queries may be performed during view rendering. Explicitly configure spring.jpa.open-in-view to disable this warning
2025-06-13 21:09:28 INFO  - Tomcat started on port 8080 (http) with context path '/'
2025-06-13 21:09:28 INFO  - Started SchoolAppApplication in 4.134 seconds (process running for 4.393)
2025-06-13 21:09:33 INFO  - Initializing Servlet 'dispatcherServlet'
2025-06-13 21:09:33 INFO  - Completed initialization in 1 ms
2025-06-13 21:14:02 INFO  - HV000001: Hibernate Validator 8.0.2.Final
2025-06-13 21:14:02 INFO  - Starting SchoolAppApplication using Java 17.0.13 with PID 17892 (C:\Users\niqos\IdeaProjects\spring-rest\build\classes\java\main started by niqos in C:\Users\niqos\IdeaProjects\spring-rest)
2025-06-13 21:14:02 INFO  - The following 1 profile is active: "test"
2025-06-13 21:14:02 INFO  - Bootstrapping Spring Data JPA repositories in DEFAULT mode.
2025-06-13 21:14:02 INFO  - Finished Spring Data repository scanning in 46 ms. Found 5 JPA repository interfaces.
2025-06-13 21:14:03 INFO  - Tomcat initialized with port 8080 (http)
2025-06-13 21:14:03 INFO  - Root WebApplicationContext: initialization completed in 1223 ms
2025-06-13 21:14:03 INFO  - HHH000412: Hibernate ORM core version 6.6.15.Final
2025-06-13 21:14:03 INFO  - HHH000026: Second-level cache disabled
2025-06-13 21:14:03 INFO  - No LoadTimeWeaver setup: ignoring JPA class transformer
2025-06-13 21:14:04 INFO  - HHH10001005: Database info:
	Database JDBC URL [Connecting through datasource 'HikariDataSource (HikariPool-1)']
	Database driver: undefined/unknown
	Database version: 8.0.41
	Autocommit mode: undefined/unknown
	Isolation level: undefined/unknown
	Minimum pool size: undefined/unknown
	Maximum pool size: undefined/unknown
2025-06-13 21:14:05 INFO  - HHH000489: No JTA platform available (set 'hibernate.transaction.jta.platform' to enable JTA platform integration)
2025-06-13 21:14:05 INFO  - Initialized JPA EntityManagerFactory for persistence unit 'default'
2025-06-13 21:14:05 INFO  - Global AuthenticationManager configured with UserDetailsService bean with name customUserDetailsService
2025-06-13 21:14:05 WARN  - spring.jpa.open-in-view is enabled by default. Therefore, database queries may be performed during view rendering. Explicitly configure spring.jpa.open-in-view to disable this warning
2025-06-13 21:14:05 INFO  - Tomcat started on port 8080 (http) with context path '/'
2025-06-13 21:14:05 INFO  - Started SchoolAppApplication in 4.183 seconds (process running for 4.433)
2025-06-13 21:14:41 INFO  - Initializing Servlet 'dispatcherServlet'
2025-06-13 21:14:41 INFO  - Completed initialization in 1 ms
2025-06-13 21:15:59 INFO  - HV000001: Hibernate Validator 8.0.2.Final
2025-06-13 21:15:59 INFO  - Starting SchoolAppApplication using Java 17.0.13 with PID 20404 (C:\Users\niqos\IdeaProjects\spring-rest\build\classes\java\main started by niqos in C:\Users\niqos\IdeaProjects\spring-rest)
2025-06-13 21:15:59 INFO  - The following 1 profile is active: "test"
2025-06-13 21:15:59 INFO  - Bootstrapping Spring Data JPA repositories in DEFAULT mode.
2025-06-13 21:15:59 INFO  - Finished Spring Data repository scanning in 49 ms. Found 5 JPA repository interfaces.
2025-06-13 21:16:00 INFO  - Tomcat initialized with port 8080 (http)
2025-06-13 21:16:00 INFO  - Root WebApplicationContext: initialization completed in 1204 ms
2025-06-13 21:16:00 INFO  - HHH000412: Hibernate ORM core version 6.6.15.Final
2025-06-13 21:16:00 INFO  - HHH000026: Second-level cache disabled
2025-06-13 21:16:00 INFO  - No LoadTimeWeaver setup: ignoring JPA class transformer
2025-06-13 21:16:01 INFO  - HHH10001005: Database info:
	Database JDBC URL [Connecting through datasource 'HikariDataSource (HikariPool-1)']
	Database driver: undefined/unknown
	Database version: 8.0.41
	Autocommit mode: undefined/unknown
	Isolation level: undefined/unknown
	Minimum pool size: undefined/unknown
	Maximum pool size: undefined/unknown
2025-06-13 21:16:01 INFO  - HHH000489: No JTA platform available (set 'hibernate.transaction.jta.platform' to enable JTA platform integration)
2025-06-13 21:16:01 INFO  - Initialized JPA EntityManagerFactory for persistence unit 'default'
2025-06-13 21:16:02 INFO  - Global AuthenticationManager configured with UserDetailsService bean with name customUserDetailsService
2025-06-13 21:16:02 WARN  - spring.jpa.open-in-view is enabled by default. Therefore, database queries may be performed during view rendering. Explicitly configure spring.jpa.open-in-view to disable this warning
2025-06-13 21:16:02 INFO  - Tomcat started on port 8080 (http) with context path '/'
2025-06-13 21:16:02 INFO  - Started SchoolAppApplication in 4.077 seconds (process running for 4.327)
2025-06-13 21:16:10 INFO  - Initializing Servlet 'dispatcherServlet'
2025-06-13 21:16:10 INFO  - Completed initialization in 1 ms
2025-06-13 21:18:47 INFO  - HV000001: Hibernate Validator 8.0.2.Final
2025-06-13 21:18:47 INFO  - Starting SchoolAppApplication using Java 17.0.13 with PID 19492 (C:\Users\niqos\IdeaProjects\spring-rest\build\classes\java\main started by niqos in C:\Users\niqos\IdeaProjects\spring-rest)
2025-06-13 21:18:47 INFO  - The following 1 profile is active: "test"
2025-06-13 21:18:48 INFO  - Bootstrapping Spring Data JPA repositories in DEFAULT mode.
2025-06-13 21:18:48 INFO  - Finished Spring Data repository scanning in 44 ms. Found 5 JPA repository interfaces.
2025-06-13 21:18:48 INFO  - Tomcat initialized with port 8080 (http)
2025-06-13 21:18:48 INFO  - Root WebApplicationContext: initialization completed in 1217 ms
2025-06-13 21:18:48 INFO  - HHH000412: Hibernate ORM core version 6.6.15.Final
2025-06-13 21:18:48 INFO  - HHH000026: Second-level cache disabled
2025-06-13 21:18:49 INFO  - No LoadTimeWeaver setup: ignoring JPA class transformer
2025-06-13 21:18:49 INFO  - HHH10001005: Database info:
	Database JDBC URL [Connecting through datasource 'HikariDataSource (HikariPool-1)']
	Database driver: undefined/unknown
	Database version: 8.0.41
	Autocommit mode: undefined/unknown
	Isolation level: undefined/unknown
	Minimum pool size: undefined/unknown
	Maximum pool size: undefined/unknown
2025-06-13 21:18:50 INFO  - HHH000489: No JTA platform available (set 'hibernate.transaction.jta.platform' to enable JTA platform integration)
2025-06-13 21:18:50 INFO  - Initialized JPA EntityManagerFactory for persistence unit 'default'
2025-06-13 21:18:50 INFO  - Global AuthenticationManager configured with UserDetailsService bean with name customUserDetailsService
2025-06-13 21:18:50 WARN  - spring.jpa.open-in-view is enabled by default. Therefore, database queries may be performed during view rendering. Explicitly configure spring.jpa.open-in-view to disable this warning
2025-06-13 21:18:51 INFO  - Tomcat started on port 8080 (http) with context path '/'
2025-06-13 21:18:51 INFO  - Started SchoolAppApplication in 4.156 seconds (process running for 4.398)
2025-06-13 21:18:58 INFO  - Initializing Servlet 'dispatcherServlet'
2025-06-13 21:18:58 INFO  - Completed initialization in 1 ms
2025-06-13 21:21:02 INFO  - HV000001: Hibernate Validator 8.0.2.Final
2025-06-13 21:21:02 INFO  - Starting SchoolAppApplication using Java 17.0.13 with PID 18708 (C:\Users\niqos\IdeaProjects\spring-rest\build\classes\java\main started by niqos in C:\Users\niqos\IdeaProjects\spring-rest)
2025-06-13 21:21:02 INFO  - The following 1 profile is active: "test"
2025-06-13 21:21:03 INFO  - Bootstrapping Spring Data JPA repositories in DEFAULT mode.
2025-06-13 21:21:03 INFO  - Finished Spring Data repository scanning in 42 ms. Found 5 JPA repository interfaces.
2025-06-13 21:21:03 INFO  - Tomcat initialized with port 8080 (http)
2025-06-13 21:21:03 INFO  - Root WebApplicationContext: initialization completed in 1197 ms
2025-06-13 21:21:03 INFO  - HHH000412: Hibernate ORM core version 6.6.15.Final
2025-06-13 21:21:03 INFO  - HHH000026: Second-level cache disabled
2025-06-13 21:21:04 INFO  - No LoadTimeWeaver setup: ignoring JPA class transformer
2025-06-13 21:21:04 INFO  - HHH10001005: Database info:
	Database JDBC URL [Connecting through datasource 'HikariDataSource (HikariPool-1)']
	Database driver: undefined/unknown
	Database version: 8.0.41
	Autocommit mode: undefined/unknown
	Isolation level: undefined/unknown
	Minimum pool size: undefined/unknown
	Maximum pool size: undefined/unknown
2025-06-13 21:21:05 INFO  - HHH000489: No JTA platform available (set 'hibernate.transaction.jta.platform' to enable JTA platform integration)
2025-06-13 21:21:05 INFO  - Initialized JPA EntityManagerFactory for persistence unit 'default'
2025-06-13 21:21:05 INFO  - Global AuthenticationManager configured with UserDetailsService bean with name customUserDetailsService
2025-06-13 21:21:05 WARN  - spring.jpa.open-in-view is enabled by default. Therefore, database queries may be performed during view rendering. Explicitly configure spring.jpa.open-in-view to disable this warning
2025-06-13 21:21:06 INFO  - Tomcat started on port 8080 (http) with context path '/'
2025-06-13 21:21:06 INFO  - Started SchoolAppApplication in 4.083 seconds (process running for 4.331)
2025-06-13 21:21:10 INFO  - Initializing Servlet 'dispatcherServlet'
2025-06-13 21:21:10 INFO  - Completed initialization in 1 ms
2025-06-13 21:37:40 INFO  - HV000001: Hibernate Validator 8.0.2.Final
2025-06-13 21:37:40 INFO  - Starting SchoolAppApplication using Java 17.0.13 with PID 21996 (C:\Users\niqos\IdeaProjects\spring-rest\build\classes\java\main started by niqos in C:\Users\niqos\IdeaProjects\spring-rest)
2025-06-13 21:37:40 INFO  - The following 1 profile is active: "test"
2025-06-13 21:37:41 INFO  - Bootstrapping Spring Data JPA repositories in DEFAULT mode.
2025-06-13 21:37:41 INFO  - Finished Spring Data repository scanning in 46 ms. Found 5 JPA repository interfaces.
2025-06-13 21:37:41 INFO  - Tomcat initialized with port 8080 (http)
2025-06-13 21:37:41 INFO  - Root WebApplicationContext: initialization completed in 1247 ms
2025-06-13 21:37:41 INFO  - HHH000412: Hibernate ORM core version 6.6.15.Final
2025-06-13 21:37:41 INFO  - HHH000026: Second-level cache disabled
2025-06-13 21:37:42 INFO  - No LoadTimeWeaver setup: ignoring JPA class transformer
2025-06-13 21:37:42 INFO  - HHH10001005: Database info:
	Database JDBC URL [Connecting through datasource 'HikariDataSource (HikariPool-1)']
	Database driver: undefined/unknown
	Database version: 8.0.41
	Autocommit mode: undefined/unknown
	Isolation level: undefined/unknown
	Minimum pool size: undefined/unknown
	Maximum pool size: undefined/unknown
2025-06-13 21:37:43 INFO  - HHH000489: No JTA platform available (set 'hibernate.transaction.jta.platform' to enable JTA platform integration)
2025-06-13 21:37:43 INFO  - Initialized JPA EntityManagerFactory for persistence unit 'default'
2025-06-13 21:37:43 INFO  - Global AuthenticationManager configured with UserDetailsService bean with name customUserDetailsService
2025-06-13 21:37:43 WARN  - spring.jpa.open-in-view is enabled by default. Therefore, database queries may be performed during view rendering. Explicitly configure spring.jpa.open-in-view to disable this warning
2025-06-13 21:37:44 INFO  - Tomcat started on port 8080 (http) with context path '/'
2025-06-13 21:37:44 INFO  - Started SchoolAppApplication in 4.299 seconds (process running for 4.541)
2025-06-13 21:37:50 INFO  - Initializing Servlet 'dispatcherServlet'
2025-06-13 21:37:50 INFO  - Completed initialization in 2 ms
2025-06-13 21:42:46 INFO  - HV000001: Hibernate Validator 8.0.2.Final
2025-06-13 21:42:46 INFO  - Starting SchoolAppApplication using Java 17.0.13 with PID 25148 (C:\Users\niqos\IdeaProjects\spring-rest\build\classes\java\main started by niqos in C:\Users\niqos\IdeaProjects\spring-rest)
2025-06-13 21:42:46 INFO  - The following 1 profile is active: "test"
2025-06-13 21:42:46 INFO  - Bootstrapping Spring Data JPA repositories in DEFAULT mode.
2025-06-13 21:42:46 INFO  - Finished Spring Data repository scanning in 42 ms. Found 5 JPA repository interfaces.
2025-06-13 21:42:47 INFO  - Tomcat initialized with port 8080 (http)
2025-06-13 21:42:47 INFO  - Root WebApplicationContext: initialization completed in 1200 ms
2025-06-13 21:42:47 INFO  - HHH000412: Hibernate ORM core version 6.6.15.Final
2025-06-13 21:42:47 INFO  - HHH000026: Second-level cache disabled
2025-06-13 21:42:47 INFO  - No LoadTimeWeaver setup: ignoring JPA class transformer
2025-06-13 21:42:48 INFO  - HHH10001005: Database info:
	Database JDBC URL [Connecting through datasource 'HikariDataSource (HikariPool-1)']
	Database driver: undefined/unknown
	Database version: 8.0.41
	Autocommit mode: undefined/unknown
	Isolation level: undefined/unknown
	Minimum pool size: undefined/unknown
	Maximum pool size: undefined/unknown
2025-06-13 21:42:48 INFO  - HHH000489: No JTA platform available (set 'hibernate.transaction.jta.platform' to enable JTA platform integration)
2025-06-13 21:42:49 INFO  - Initialized JPA EntityManagerFactory for persistence unit 'default'
2025-06-13 21:42:49 INFO  - Global AuthenticationManager configured with UserDetailsService bean with name customUserDetailsService
2025-06-13 21:42:49 WARN  - spring.jpa.open-in-view is enabled by default. Therefore, database queries may be performed during view rendering. Explicitly configure spring.jpa.open-in-view to disable this warning
2025-06-13 21:42:49 INFO  - Tomcat started on port 8080 (http) with context path '/'
2025-06-13 21:42:49 INFO  - Started SchoolAppApplication in 4.167 seconds (process running for 4.415)
2025-06-13 21:42:55 INFO  - Initializing Servlet 'dispatcherServlet'
2025-06-13 21:42:55 INFO  - Completed initialization in 1 ms
